<?xml version="1.0" encoding="UTF-8"?>
<testng-results skipped="0" failed="0" total="2" passed="2">
  <reporter-output>
  </reporter-output>
  <suite name="FreeNowApi" duration-ms="4090" started-at="2021-01-06T15:50:47Z" finished-at="2021-01-06T15:50:51Z">
    <groups>
    </groups>
    <test name="FreeNowApiTests" duration-ms="4090" started-at="2021-01-06T15:50:47Z" finished-at="2021-01-06T15:50:51Z">
      <class name="apiTests.WorkflowTest">
        <test-method status="PASS" signature="validateUserName()[pri:0, instance:apiTests.WorkflowTest@5a39699c]" name="validateUserName" duration-ms="2165" started-at="2021-01-06T21:20:47Z" finished-at="2021-01-06T21:20:49Z">
          <reporter-output>
          </reporter-output>
        </test-method> <!-- validateUserName -->
        <test-method status="PASS" signature="validateUserPosts()[pri:0, instance:apiTests.WorkflowTest@5a39699c]" name="validateUserPosts" duration-ms="1920" started-at="2021-01-06T21:20:49Z" finished-at="2021-01-06T21:20:51Z">
          <reporter-output>
          </reporter-output>
        </test-method> <!-- validateUserPosts -->
      </class> <!-- apiTests.WorkflowTest -->
      <class name="config.RestAssuredConfig">
        <test-method status="PASS" signature="configure()[pri:0, instance:config.RestAssuredConfig@75bd9247]" name="configure" is-config="true" duration-ms="240" started-at="2021-01-06T21:20:47Z" finished-at="2021-01-06T21:20:47Z">
          <reporter-output>
          </reporter-output>
        </test-method> <!-- configure -->
      </class> <!-- config.RestAssuredConfig -->
    </test> <!-- FreeNowApiTests -->
  </suite> <!-- FreeNowApi -->
</testng-results>
