<?xml version="1.0" encoding="UTF-8"?>
<testng-results skipped="0" failed="0" total="2" passed="2">
  <reporter-output>
  </reporter-output>
  <suite name="FreeNowApi" duration-ms="4578" started-at="2021-01-06T10:09:30Z" finished-at="2021-01-06T10:09:35Z">
    <groups>
    </groups>
    <test name="FreeNowApiTests" duration-ms="4578" started-at="2021-01-06T10:09:30Z" finished-at="2021-01-06T10:09:35Z">
      <class name="apiTests.WorkflowTest">
        <test-method status="PASS" signature="validateUserName()[pri:0, instance:apiTests.WorkflowTest@675d3402]" name="validateUserName" duration-ms="2098" started-at="2021-01-06T15:39:30Z" finished-at="2021-01-06T15:39:32Z">
          <reporter-output>
          </reporter-output>
        </test-method> <!-- validateUserName -->
        <test-method status="PASS" signature="validateUserPosts()[pri:0, instance:apiTests.WorkflowTest@675d3402]" name="validateUserPosts" duration-ms="2472" started-at="2021-01-06T15:39:32Z" finished-at="2021-01-06T15:39:35Z">
          <reporter-output>
          </reporter-output>
        </test-method> <!-- validateUserPosts -->
      </class> <!-- apiTests.WorkflowTest -->
      <class name="config.RestAssuredConfig">
        <test-method status="PASS" signature="configure()[pri:0, instance:config.RestAssuredConfig@18be83e4]" name="configure" is-config="true" duration-ms="234" started-at="2021-01-06T15:39:30Z" finished-at="2021-01-06T15:39:30Z">
          <reporter-output>
          </reporter-output>
        </test-method> <!-- configure -->
      </class> <!-- config.RestAssuredConfig -->
    </test> <!-- FreeNowApiTests -->
  </suite> <!-- FreeNowApi -->
</testng-results>
