<?xml version="1.0" encoding="UTF-8"?>
<testng-results skipped="0" failed="0" total="1" passed="1">
  <reporter-output>
  </reporter-output>
  <suite name="FreeNowApi" duration-ms="1853" started-at="2021-01-05T19:34:03Z" finished-at="2021-01-05T19:34:05Z">
    <groups>
    </groups>
    <test name="FreeNowApiTests" duration-ms="1853" started-at="2021-01-05T19:34:03Z" finished-at="2021-01-05T19:34:05Z">
      <class name="apiTests.UserTest">
        <test-method status="PASS" signature="validateUserName()[pri:0, instance:apiTests.UserTest@4678c730]" name="validateUserName" duration-ms="1844" started-at="2021-01-06T01:04:03Z" finished-at="2021-01-06T01:04:05Z">
          <reporter-output>
          </reporter-output>
        </test-method> <!-- validateUserName -->
      </class> <!-- apiTests.UserTest -->
      <class name="config.RestAssuredConfig">
        <test-method status="PASS" signature="configure()[pri:0, instance:config.RestAssuredConfig@4cc0edeb]" name="configure" is-config="true" duration-ms="313" started-at="2021-01-06T01:04:03Z" finished-at="2021-01-06T01:04:03Z">
          <reporter-output>
          </reporter-output>
        </test-method> <!-- configure -->
      </class> <!-- config.RestAssuredConfig -->
    </test> <!-- FreeNowApiTests -->
  </suite> <!-- FreeNowApi -->
</testng-results>
